<?xml version="1.0" encoding="UTF-8"?>
<!-- Generated by org.testng.reporters.JUnitReportReporter -->
<testsuite hostname="DESKTOP-EJEP9JT" failures="0" tests="7" name="demo.TestLogin2" time="87.658" errors="0" timestamp="2025-03-19T22:35:26 ICT" skipped="0">
  <testcase classname="demo.TestLogin2" name="testWrongFormatUser" time="10.797"/>
  <system-out/>
  <testcase classname="demo.TestLogin2" name="testWrongNumberCharacterPasWord" time="11.918"/>
  <system-out/>
  <testcase classname="demo.TestLogin2" name="testWrongNumberCharacterPasWord" time="12.649"/>
  <system-out/>
  <testcase classname="demo.TestLogin2" name="testSuccess" time="13.326"/>
  <system-out/>
  <testcase classname="demo.TestLogin2" name="testWrongNumberCharacterPasWord" time="10.498"/>
  <system-out/>
  <testcase classname="demo.TestLogin2" name="testWrongPassWord" time="16.909"/>
  <system-out/>
  <testcase classname="demo.TestLogin2" name="testWrongUserName" time="11.561"/>
  <system-out/>
</testsuite> <!-- demo.TestLogin2 -->
